ATTR_P		EQU 05C8DH
BORDCR		EQU 05C48H
CLS		EQU 00DAFH
LoadUdgsEnemies	EQU 05DD5H
Main		EQU 05DADH
Main_loop	EQU 05DD3H
OPENCHAN	EQU 01601H
PrintFrame	EQU 062C9H
PrintInfoGame	EQU 062B6H
PrintString	EQU 062B0H
UDG		EQU 05C7BH
frameBottomGraph EQU 05E35H
frameEnd	EQU 05E58H
frameTopGraph	EQU 05E10H
infoGame	EQU 05DEBH
infoGame_end	EQU 05E10H
printFrame_loop	EQU 062D3H
udgsCommon	EQU 05E58H
udgsEnemiesLevel1 EQU 05EF0H
udgsEnemiesLevel10 EQU 06010H
udgsEnemiesLevel11 EQU 06030H
udgsEnemiesLevel12 EQU 06050H
udgsEnemiesLevel13 EQU 06070H
udgsEnemiesLevel14 EQU 06090H
udgsEnemiesLevel15 EQU 060B0H
udgsEnemiesLevel16 EQU 060D0H
udgsEnemiesLevel17 EQU 060F0H
udgsEnemiesLevel18 EQU 06110H
udgsEnemiesLevel19 EQU 06130H
udgsEnemiesLevel2 EQU 05F10H
udgsEnemiesLevel20 EQU 06150H
udgsEnemiesLevel21 EQU 06170H
udgsEnemiesLevel22 EQU 06190H
udgsEnemiesLevel23 EQU 061B0H
udgsEnemiesLevel24 EQU 061D0H
udgsEnemiesLevel25 EQU 061F0H
udgsEnemiesLevel26 EQU 06210H
udgsEnemiesLevel27 EQU 06230H
udgsEnemiesLevel28 EQU 06250H
udgsEnemiesLevel29 EQU 06270H
udgsEnemiesLevel3 EQU 05F30H
udgsEnemiesLevel30 EQU 06290H
udgsEnemiesLevel4 EQU 05F50H
udgsEnemiesLevel5 EQU 05F70H
udgsEnemiesLevel6 EQU 05F90H
udgsEnemiesLevel7 EQU 05FB0H
udgsEnemiesLevel8 EQU 05FD0H
udgsEnemiesLevel9 EQU 05FF0H
udgsExtension	EQU 05ED0H
